# JRE version: Java(TM) SE Runtime Environment (7.0_80-b15) (build 1.7.0_80-b15)
# Java VM: Java HotSpot(TM) Client VM (24.80-b11 mixed mode, sharing windows-x86 )
Heap
 def new generation   total 5888K, used 1744K [0x24a00000, 0x25060000, 0x29f50000)
  eden space 5248K,  21% used [0x24a00000, 0x24b188c8, 0x24f20000)
  from space 640K,  97% used [0x24f20000, 0x24fbb7c8, 0x24fc0000)
  to   space 640K,   0% used [0x24fc0000, 0x24fc0000, 0x25060000)
 tenured generation   total 12912K, used 11809K [0x29f50000, 0x2abec000, 0x34a00000)
   the space 12912K,  91% used [0x29f50000, 0x2aad8400, 0x2aad8400, 0x2abec000)
 compacting perm gen  total 12288K, used 4714K [0x34a00000, 0x35600000, 0x38a00000)
   the space 12288K,  38% used [0x34a00000, 0x34e9aba0, 0x34e9ac00, 0x35600000)
    ro space 10240K,  42% used [0x38a00000, 0x38e37108, 0x38e37200, 0x39400000)
    rw space 12288K,  52% used [0x39400000, 0x39a41738, 0x39a41800, 0x3a000000)
GC Heap History (10 events):
Event: 3.315 GC heap before
{Heap before GC invocations=15 (full 1):
 def new generation   total 5888K, used 5884K [0x24a00000, 0x25060000, 0x29f50000)
  eden space 5248K,  99% used [0x24a00000, 0x24f1f398, 0x24f20000)
  from space 640K, 100% used [0x24fc0000, 0x25060000, 0x25060000)
  to   space 640K,   0% used [0x24f20000, 0x24f20000, 0x24fc0000)
 tenured generation   total 12912K, used 10688K [0x29f50000, 0x2abec000, 0x34a00000)
   the space 12912K,  82% used [0x29f50000, 0x2a9c03e8, 0x2a9c0400, 0x2abec000)
 compacting perm gen  total 12288K, used 4438K [0x34a00000, 0x35600000, 0x38a00000)
   the space 12288K,  36% used [0x34a00000, 0x34e55b30, 0x34e55c00, 0x35600000)
    ro space 10240K,  42% used [0x38a00000, 0x38e37108, 0x38e37200, 0x39400000)
    rw space 12288K,  52% used [0x39400000, 0x39a41738, 0x39a41800, 0x3a000000)
Event: 3.316 GC heap after
Heap after GC invocations=16 (full 1):
 def new generation   total 5888K, used 52K [0x24a00000, 0x25060000, 0x29f50000)
  eden space 5248K,   0% used [0x24a00000, 0x24a00000, 0x24f20000)
  from space 640K,   8% used [0x24f20000, 0x24f2d188, 0x24fc0000)
  to   space 640K,   0% used [0x24fc0000, 0x24fc0000, 0x25060000)
 tenured generation   total 12912K, used 10716K [0x29f50000, 0x2abec000, 0x34a00000)
   the space 12912K,  82% used [0x29f50000, 0x2a9c7398, 0x2a9c7400, 0x2abec000)
 compacting perm gen  total 12288K, used 4438K [0x34a00000, 0x35600000, 0x38a00000)
   the space 12288K,  36% used [0x34a00000, 0x34e55b30, 0x34e55c00, 0x35600000)
    ro space 10240K,  42% used [0x38a00000, 0x38e37108, 0x38e37200, 0x39400000)
    rw space 12288K,  52% used [0x39400000, 0x39a41738, 0x39a41800, 0x3a000000)
}
Event: 3.646 GC heap before
{Heap before GC invocations=16 (full 1):
 def new generation   total 5888K, used 5300K [0x24a00000, 0x25060000, 0x29f50000)
  eden space 5248K, 100% used [0x24a00000, 0x24f20000, 0x24f20000)
  from space 640K,   8% used [0x24f20000, 0x24f2d188, 0x24fc0000)
  to   space 640K,   0% used [0x24fc0000, 0x24fc0000, 0x25060000)
 tenured generation   total 12912K, used 10716K [0x29f50000, 0x2abec000, 0x34a00000)
   the space 12912K,  82% used [0x29f50000, 0x2a9c7398, 0x2a9c7400, 0x2abec000)
 compacting perm gen  total 12288K, used 4457K [0x34a00000, 0x35600000, 0x38a00000)
   the space 12288K,  36% used [0x34a00000, 0x34e5a558, 0x34e5a600, 0x35600000)
    ro space 10240K,  42% used [0x38a00000, 0x38e37108, 0x38e37200, 0x39400000)
    rw space 12288K,  52% used [0x39400000, 0x39a41738, 0x39a41800, 0x3a000000)
Event: 3.650 GC heap after
Heap after GC invocations=17 (full 1):
 def new generation   total 5888K, used 640K [0x24a00000, 0x25060000, 0x29f50000)
  eden space 5248K,   0% used [0x24a00000, 0x24a00000, 0x24f20000)
  from space 640K, 100% used [0x24fc0000, 0x25060000, 0x25060000)
  to   space 640K,   0% used [0x24f20000, 0x24f20000, 0x24fc0000)
 tenured generation   total 12912K, used 10849K [0x29f50000, 0x2abec000, 0x34a00000)
   the space 12912K,  84% used [0x29f50000, 0x2a9e85e8, 0x2a9e8600, 0x2abec000)
 compacting perm gen  total 12288K, used 4457K [0x34a00000, 0x35600000, 0x38a00000)
   the space 12288K,  36% used [0x34a00000, 0x34e5a558, 0x34e5a600, 0x35600000)
    ro space 10240K,  42% used [0x38a00000, 0x38e37108, 0x38e37200, 0x39400000)
    rw space 12288K,  52% used [0x39400000, 0x39a41738, 0x39a41800, 0x3a000000)
}
Event: 3.872 GC heap before
{Heap before GC invocations=17 (full 1):
 def new generation   total 5888K, used 5888K [0x24a00000, 0x25060000, 0x29f50000)
  eden space 5248K, 100% used [0x24a00000, 0x24f20000, 0x24f20000)
  from space 640K, 100% used [0x24fc0000, 0x25060000, 0x25060000)
  to   space 640K,   0% used [0x24f20000, 0x24f20000, 0x24fc0000)
 tenured generation   total 12912K, used 10849K [0x29f50000, 0x2abec000, 0x34a00000)
   the space 12912K,  84% used [0x29f50000, 0x2a9e85e8, 0x2a9e8600, 0x2abec000)
 compacting perm gen  total 12288K, used 4457K [0x34a00000, 0x35600000, 0x38a00000)
   the space 12288K,  36% used [0x34a00000, 0x34e5a688, 0x34e5a800, 0x35600000)
    ro space 10240K,  42% used [0x38a00000, 0x38e37108, 0x38e37200, 0x39400000)
    rw space 12288K,  52% used [0x39400000, 0x39a41738, 0x39a41800, 0x3a000000)
Event: 3.876 GC heap after
Heap after GC invocations=18 (full 1):
 def new generation   total 5888K, used 640K [0x24a00000, 0x25060000, 0x29f50000)
  eden space 5248K,   0% used [0x24a00000, 0x24a00000, 0x24f20000)
  from space 640K, 100% used [0x24f20000, 0x24fc0000, 0x24fc0000)
  to   space 640K,   0% used [0x24fc0000, 0x24fc0000, 0x25060000)
 tenured generation   total 12912K, used 11545K [0x29f50000, 0x2abec000, 0x34a00000)
   the space 12912K,  89% used [0x29f50000, 0x2aa967c0, 0x2aa96800, 0x2abec000)
 compacting perm gen  total 12288K, used 4457K [0x34a00000, 0x35600000, 0x38a00000)
   the space 12288K,  36% used [0x34a00000, 0x34e5a688, 0x34e5a800, 0x35600000)
    ro space 10240K,  42% used [0x38a00000, 0x38e37108, 0x38e37200, 0x39400000)
    rw space 12288K,  52% used [0x39400000, 0x39a41738, 0x39a41800, 0x3a000000)
}
Event: 4.177 GC heap before
{Heap before GC invocations=18 (full 1):
 def new generation   total 5888K, used 5887K [0x24a00000, 0x25060000, 0x29f50000)
  eden space 5248K,  99% used [0x24a00000, 0x24f1ffa8, 0x24f20000)
  from space 640K, 100% used [0x24f20000, 0x24fc0000, 0x24fc0000)
  to   space 640K,   0% used [0x24fc0000, 0x24fc0000, 0x25060000)
 tenured generation   total 12912K, used 11545K [0x29f50000, 0x2abec000, 0x34a00000)
   the space 12912K,  89% used [0x29f50000, 0x2aa967c0, 0x2aa96800, 0x2abec000)
 compacting perm gen  total 12288K, used 4580K [0x34a00000, 0x35600000, 0x38a00000)
   the space 12288K,  37% used [0x34a00000, 0x34e79080, 0x34e79200, 0x35600000)
    ro space 10240K,  42% used [0x38a00000, 0x38e37108, 0x38e37200, 0x39400000)
    rw space 12288K,  52% used [0x39400000, 0x39a41738, 0x39a41800, 0x3a000000)
Event: 4.181 GC heap after
Heap after GC invocations=19 (full 1):
 def new generation   total 5888K, used 502K [0x24a00000, 0x25060000, 0x29f50000)
  eden space 5248K,   0% used [0x24a00000, 0x24a00000, 0x24f20000)
  from space 640K,  78% used [0x24fc0000, 0x2503db20, 0x25060000)
  to   space 640K,   0% used [0x24f20000, 0x24f20000, 0x24fc0000)
 tenured generation   total 12912K, used 11560K [0x29f50000, 0x2abec000, 0x34a00000)
   the space 12912K,  89% used [0x29f50000, 0x2aa9a220, 0x2aa9a400, 0x2abec000)
 compacting perm gen  total 12288K, used 4580K [0x34a00000, 0x35600000, 0x38a00000)
   the space 12288K,  37% used [0x34a00000, 0x34e79080, 0x34e79200, 0x35600000)
    ro space 10240K,  42% used [0x38a00000, 0x38e37108, 0x38e37200, 0x39400000)
    rw space 12288K,  52% used [0x39400000, 0x39a41738, 0x39a41800, 0x3a000000)
}
Event: 17.424 GC heap before
{Heap before GC invocations=19 (full 1):
 def new generation   total 5888K, used 5750K [0x24a00000, 0x25060000, 0x29f50000)
  eden space 5248K, 100% used [0x24a00000, 0x24f20000, 0x24f20000)
  from space 640K,  78% used [0x24fc0000, 0x2503db20, 0x25060000)
  to   space 640K,   0% used [0x24f20000, 0x24f20000, 0x24fc0000)
 tenured generation   total 12912K, used 11560K [0x29f50000, 0x2abec000, 0x34a00000)
   the space 12912K,  89% used [0x29f50000, 0x2aa9a220, 0x2aa9a400, 0x2abec000)
 compacting perm gen  total 12288K, used 4707K [0x34a00000, 0x35600000, 0x38a00000)
   the space 12288K,  38% used [0x34a00000, 0x34e98ee0, 0x34e99000, 0x35600000)
    ro space 10240K,  42% used [0x38a00000, 0x38e37108, 0x38e37200, 0x39400000)
    rw space 12288K,  52% used [0x39400000, 0x39a41738, 0x39a41800, 0x3a000000)
Event: 17.432 GC heap after
Heap after GC invocations=20 (full 1):
 def new generation   total 5888K, used 621K [0x24a00000, 0x25060000, 0x29f50000)
  eden space 5248K,   0% used [0x24a00000, 0x24a00000, 0x24f20000)
  from space 640K,  97% used [0x24f20000, 0x24fbb7c8, 0x24fc0000)
  to   space 640K,   0% used [0x24fc0000, 0x24fc0000, 0x25060000)
 tenured generation   total 12912K, used 11809K [0x29f50000, 0x2abec000, 0x34a00000)
   the space 12912K,  91% used [0x29f50000, 0x2aad8400, 0x2aad8400, 0x2abec000)
 compacting perm gen  total 12288K, used 4707K [0x34a00000, 0x35600000, 0x38a00000)
   the space 12288K,  38% used [0x34a00000, 0x34e98ee0, 0x34e99000, 0x35600000)
    ro space 10240K,  42% used [0x38a00000, 0x38e37108, 0x38e37200, 0x39400000)
    rw space 12288K,  52% used [0x39400000, 0x39a41738, 0x39a41800, 0x3a000000)
}

